<?xml version="1.0" encoding="UTF-8"?>
<testng-results ignored="0" total="1" passed="1" failed="0" skipped="0">
  <reporter-output>
  </reporter-output>
  <suite started-at="2022-05-30T09:40:45Z" name="Default suite" finished-at="2022-05-30T09:41:09Z" duration-ms="23711">
    <groups>
      <group name="sanity">
        <method signature="CreateProductTest.createProductTest()[pri:0, instance:com.vtiger.productTest.CreateProductTest@350a94ce]" name="createProductTest" class="com.vtiger.productTest.CreateProductTest"/>
      </group> <!-- sanity -->
    </groups>
    <test started-at="2022-05-30T09:40:45Z" name="Default test" finished-at="2022-05-30T09:41:09Z" duration-ms="23711">
      <class name="com.vtiger.productTest.CreateProductTest">
        <test-method is-config="true" signature="beforeSuiteTest()[pri:0, instance:com.vtiger.productTest.CreateProductTest@350a94ce]" started-at="2022-05-30T09:40:45Z" name="beforeSuiteTest" finished-at="2022-05-30T09:40:45Z" duration-ms="44" status="PASS">
          <reporter-output>
          </reporter-output>
        </test-method> <!-- beforeSuiteTest -->
        <test-method is-config="true" signature="beforeClassTest()[pri:0, instance:com.vtiger.productTest.CreateProductTest@350a94ce]" started-at="2022-05-30T09:40:45Z" name="beforeClassTest" finished-at="2022-05-30T09:40:52Z" duration-ms="6592" status="PASS">
          <reporter-output>
          </reporter-output>
        </test-method> <!-- beforeClassTest -->
        <test-method is-config="true" signature="beforeMethod1Test()[pri:0, instance:com.vtiger.productTest.CreateProductTest@350a94ce]" started-at="2022-05-30T09:40:52Z" name="beforeMethod1Test" finished-at="2022-05-30T09:40:56Z" duration-ms="3807" status="PASS">
          <reporter-output>
          </reporter-output>
        </test-method> <!-- beforeMethod1Test -->
        <test-method signature="createProductTest()[pri:0, instance:com.vtiger.productTest.CreateProductTest@350a94ce]" started-at="2022-05-30T09:40:56Z" name="createProductTest" finished-at="2022-05-30T09:41:07Z" duration-ms="11037" status="PASS">
          <reporter-output>
          </reporter-output>
        </test-method> <!-- createProductTest -->
        <test-method is-config="true" signature="afterMethod()[pri:0, instance:com.vtiger.productTest.CreateProductTest@350a94ce]" started-at="2022-05-30T09:41:07Z" name="afterMethod" finished-at="2022-05-30T09:41:08Z" duration-ms="1304" status="PASS">
          <reporter-output>
          </reporter-output>
        </test-method> <!-- afterMethod -->
        <test-method is-config="true" signature="afterClassTest()[pri:0, instance:com.vtiger.productTest.CreateProductTest@350a94ce]" started-at="2022-05-30T09:41:08Z" name="afterClassTest" finished-at="2022-05-30T09:41:09Z" duration-ms="448" status="PASS">
          <reporter-output>
          </reporter-output>
        </test-method> <!-- afterClassTest -->
        <test-method is-config="true" signature="afterSuiteTest()[pri:0, instance:com.vtiger.productTest.CreateProductTest@350a94ce]" started-at="2022-05-30T09:41:09Z" name="afterSuiteTest" finished-at="2022-05-30T09:41:09Z" duration-ms="1" status="FAIL">
          <exception class="java.lang.NullPointerException">
            <message>
              <![CDATA[Cannot invoke "org.apache.poi.ss.usermodel.Workbook.close()" because "this.wb" is null]]>
            </message>
            <full-stacktrace>
              <![CDATA[java.lang.NullPointerException: Cannot invoke "org.apache.poi.ss.usermodel.Workbook.close()" because "this.wb" is null
at com.sdet34l1.genericLibrary.ExcelLibrary.closeExcel(ExcelLibrary.java:105)
at com.sdet34l1.genericLibrary.BaseClass.afterSuiteTest(BaseClass.java:154)
at java.base/jdk.internal.reflect.NativeMethodAccessorImpl.invoke0(Native Method)
at java.base/jdk.internal.reflect.NativeMethodAccessorImpl.invoke(NativeMethodAccessorImpl.java:78)
at java.base/jdk.internal.reflect.DelegatingMethodAccessorImpl.invoke(DelegatingMethodAccessorImpl.java:43)
at java.base/java.lang.reflect.Method.invoke(Method.java:567)
at org.testng.internal.MethodInvocationHelper.invokeMethod(MethodInvocationHelper.java:124)
at org.testng.internal.MethodInvocationHelper.invokeMethodConsideringTimeout(MethodInvocationHelper.java:59)
at org.testng.internal.Invoker.invokeConfigurationMethod(Invoker.java:458)
at org.testng.internal.Invoker.invokeConfigurations(Invoker.java:222)
at org.testng.internal.Invoker.invokeConfigurations(Invoker.java:142)
at org.testng.SuiteRunner.privateRun(SuiteRunner.java:425)
at org.testng.SuiteRunner.run(SuiteRunner.java:364)
at org.testng.SuiteRunnerWorker.runSuite(SuiteRunnerWorker.java:52)
at org.testng.SuiteRunnerWorker.run(SuiteRunnerWorker.java:84)
at org.testng.TestNG.runSuitesSequentially(TestNG.java:1208)
at org.testng.TestNG.runSuitesLocally(TestNG.java:1137)
at org.testng.TestNG.runSuites(TestNG.java:1049)
at org.testng.TestNG.run(TestNG.java:1017)
at org.testng.remote.AbstractRemoteTestNG.run(AbstractRemoteTestNG.java:115)
at org.testng.remote.RemoteTestNG.initAndRun(RemoteTestNG.java:251)
at org.testng.remote.RemoteTestNG.main(RemoteTestNG.java:77)
]]>
            </full-stacktrace>
          </exception> <!-- java.lang.NullPointerException -->
          <reporter-output>
          </reporter-output>
        </test-method> <!-- afterSuiteTest -->
      </class> <!-- com.vtiger.productTest.CreateProductTest -->
    </test> <!-- Default test -->
  </suite> <!-- Default suite -->
</testng-results>
